Starting a Gradle Daemon (subsequent builds will be faster)
Exception in thread "DisconnectableInputStream source reader" org.gradle.api.UncheckedIOException: java.io.IOException: Bad file descriptor
	at org.gradle.internal.UncheckedException.throwAsUncheckedException(UncheckedException.java:43)
	at org.gradle.util.DisconnectableInputStream$1.run(DisconnectableInputStream.java:125)
	at java.lang.Thread.run(Thread.java:748)
Caused by: java.io.IOException: Bad file descriptor
	at java.io.FileInputStream.readBytes(Native Method)
	at java.io.FileInputStream.read(FileInputStream.java:255)
	at java.io.BufferedInputStream.fill(BufferedInputStream.java:246)
	at java.io.BufferedInputStream.read1(BufferedInputStream.java:286)
	at java.io.BufferedInputStream.read(BufferedInputStream.java:345)
	at org.gradle.util.DisconnectableInputStream$1.run(DisconnectableInputStream.java:96)
	... 1 more
:compileJavaNote: /home/pimp-of-pimps/projects/search/server/initial/src/main/java/server/MainController.java uses unchecked or unsafe operations.
Note: Recompile with -Xlint:unchecked for details.

:processResources UP-TO-DATE
:classes
:findMainClass
:bootRun

  .   ____          _            __ _ _
 /\\ / ___'_ __ _ _(_)_ __  __ _ \ \ \ \
( ( )\___ | '_ | '_| | '_ \/ _` | \ \ \ \
 \\/  ___)| |_)| | | | | || (_| |  ) ) ) )
  '  |____| .__|_| |_|_| |_\__, | / / / /
 =========|_|==============|___/=/_/_/_/
 :: Spring Boot ::       (v1.5.10.RELEASE)

2018-04-03 20:56:29.733  INFO 9621 --- [           main] server.Application                       : Starting Application on mabish with PID 9621 (/home/pimp-of-pimps/projects/search/server/initial/build/classes/main started by pimp-of-pimps in /home/pimp-of-pimps/projects/search/server/initial)
2018-04-03 20:56:29.738  INFO 9621 --- [           main] server.Application                       : No active profile set, falling back to default profiles: default
2018-04-03 20:56:29.972  INFO 9621 --- [           main] ationConfigEmbeddedWebApplicationContext : Refreshing org.springframework.boot.context.embedded.AnnotationConfigEmbeddedWebApplicationContext@37574691: startup date [Tue Apr 03 20:56:29 GMT 2018]; root of context hierarchy
2018-04-03 20:56:32.847  INFO 9621 --- [           main] trationDelegate$BeanPostProcessorChecker : Bean 'org.springframework.transaction.annotation.ProxyTransactionManagementConfiguration' of type [org.springframework.transaction.annotation.ProxyTransactionManagementConfiguration$$EnhancerBySpringCGLIB$$840baf9b] is not eligible for getting processed by all BeanPostProcessors (for example: not eligible for auto-proxying)
2018-04-03 20:56:34.092  INFO 9621 --- [           main] s.b.c.e.t.TomcatEmbeddedServletContainer : Tomcat initialized with port(s): 8080 (http)
2018-04-03 20:56:34.128  INFO 9621 --- [           main] o.apache.catalina.core.StandardService   : Starting service [Tomcat]
2018-04-03 20:56:34.131  INFO 9621 --- [           main] org.apache.catalina.core.StandardEngine  : Starting Servlet Engine: Apache Tomcat/8.5.27
2018-04-03 20:56:34.400  INFO 9621 --- [ost-startStop-1] o.a.c.c.C.[Tomcat].[localhost].[/]       : Initializing Spring embedded WebApplicationContext
2018-04-03 20:56:34.401  INFO 9621 --- [ost-startStop-1] o.s.web.context.ContextLoader            : Root WebApplicationContext: initialization completed in 4444 ms
2018-04-03 20:56:34.976  INFO 9621 --- [ost-startStop-1] o.s.b.w.servlet.ServletRegistrationBean  : Mapping servlet: 'dispatcherServlet' to [/]
2018-04-03 20:56:34.987  INFO 9621 --- [ost-startStop-1] o.s.b.w.servlet.FilterRegistrationBean   : Mapping filter: 'characterEncodingFilter' to: [/*]
2018-04-03 20:56:34.989  INFO 9621 --- [ost-startStop-1] o.s.b.w.servlet.FilterRegistrationBean   : Mapping filter: 'hiddenHttpMethodFilter' to: [/*]
2018-04-03 20:56:34.990  INFO 9621 --- [ost-startStop-1] o.s.b.w.servlet.FilterRegistrationBean   : Mapping filter: 'httpPutFormContentFilter' to: [/*]
2018-04-03 20:56:34.992  INFO 9621 --- [ost-startStop-1] o.s.b.w.servlet.FilterRegistrationBean   : Mapping filter: 'requestContextFilter' to: [/*]
Tue Apr 03 20:56:36 GMT 2018 WARN: Establishing SSL connection without server's identity verification is not recommended. According to MySQL 5.5.45+, 5.6.26+ and 5.7.6+ requirements SSL connection must be established by default if explicit option isn't set. For compliance with existing applications not using SSL the verifyServerCertificate property is set to 'false'. You need either to explicitly disable SSL by setting useSSL=false, or set useSSL=true and provide truststore for server certificate verification.
Tue Apr 03 20:56:36 GMT 2018 WARN: Establishing SSL connection without server's identity verification is not recommended. According to MySQL 5.5.45+, 5.6.26+ and 5.7.6+ requirements SSL connection must be established by default if explicit option isn't set. For compliance with existing applications not using SSL the verifyServerCertificate property is set to 'false'. You need either to explicitly disable SSL by setting useSSL=false, or set useSSL=true and provide truststore for server certificate verification.
Tue Apr 03 20:56:36 GMT 2018 WARN: Establishing SSL connection without server's identity verification is not recommended. According to MySQL 5.5.45+, 5.6.26+ and 5.7.6+ requirements SSL connection must be established by default if explicit option isn't set. For compliance with existing applications not using SSL the verifyServerCertificate property is set to 'false'. You need either to explicitly disable SSL by setting useSSL=false, or set useSSL=true and provide truststore for server certificate verification.
Tue Apr 03 20:56:36 GMT 2018 WARN: Establishing SSL connection without server's identity verification is not recommended. According to MySQL 5.5.45+, 5.6.26+ and 5.7.6+ requirements SSL connection must be established by default if explicit option isn't set. For compliance with existing applications not using SSL the verifyServerCertificate property is set to 'false'. You need either to explicitly disable SSL by setting useSSL=false, or set useSSL=true and provide truststore for server certificate verification.
Tue Apr 03 20:56:36 GMT 2018 WARN: Establishing SSL connection without server's identity verification is not recommended. According to MySQL 5.5.45+, 5.6.26+ and 5.7.6+ requirements SSL connection must be established by default if explicit option isn't set. For compliance with existing applications not using SSL the verifyServerCertificate property is set to 'false'. You need either to explicitly disable SSL by setting useSSL=false, or set useSSL=true and provide truststore for server certificate verification.
Tue Apr 03 20:56:36 GMT 2018 WARN: Establishing SSL connection without server's identity verification is not recommended. According to MySQL 5.5.45+, 5.6.26+ and 5.7.6+ requirements SSL connection must be established by default if explicit option isn't set. For compliance with existing applications not using SSL the verifyServerCertificate property is set to 'false'. You need either to explicitly disable SSL by setting useSSL=false, or set useSSL=true and provide truststore for server certificate verification.
Tue Apr 03 20:56:36 GMT 2018 WARN: Establishing SSL connection without server's identity verification is not recommended. According to MySQL 5.5.45+, 5.6.26+ and 5.7.6+ requirements SSL connection must be established by default if explicit option isn't set. For compliance with existing applications not using SSL the verifyServerCertificate property is set to 'false'. You need either to explicitly disable SSL by setting useSSL=false, or set useSSL=true and provide truststore for server certificate verification.
Tue Apr 03 20:56:36 GMT 2018 WARN: Establishing SSL connection without server's identity verification is not recommended. According to MySQL 5.5.45+, 5.6.26+ and 5.7.6+ requirements SSL connection must be established by default if explicit option isn't set. For compliance with existing applications not using SSL the verifyServerCertificate property is set to 'false'. You need either to explicitly disable SSL by setting useSSL=false, or set useSSL=true and provide truststore for server certificate verification.
Tue Apr 03 20:56:36 GMT 2018 WARN: Establishing SSL connection without server's identity verification is not recommended. According to MySQL 5.5.45+, 5.6.26+ and 5.7.6+ requirements SSL connection must be established by default if explicit option isn't set. For compliance with existing applications not using SSL the verifyServerCertificate property is set to 'false'. You need either to explicitly disable SSL by setting useSSL=false, or set useSSL=true and provide truststore for server certificate verification.
Tue Apr 03 20:56:36 GMT 2018 WARN: Establishing SSL connection without server's identity verification is not recommended. According to MySQL 5.5.45+, 5.6.26+ and 5.7.6+ requirements SSL connection must be established by default if explicit option isn't set. For compliance with existing applications not using SSL the verifyServerCertificate property is set to 'false'. You need either to explicitly disable SSL by setting useSSL=false, or set useSSL=true and provide truststore for server certificate verification.
2018-04-03 20:56:36.566  INFO 9621 --- [           main] j.LocalContainerEntityManagerFactoryBean : Building JPA container EntityManagerFactory for persistence unit 'default'
2018-04-03 20:56:36.595  INFO 9621 --- [           main] o.hibernate.jpa.internal.util.LogHelper  : HHH000204: Processing PersistenceUnitInfo [
	name: default
	...]
2018-04-03 20:56:36.737  INFO 9621 --- [           main] org.hibernate.Version                    : HHH000412: Hibernate Core {5.0.12.Final}
2018-04-03 20:56:36.739  INFO 9621 --- [           main] org.hibernate.cfg.Environment            : HHH000206: hibernate.properties not found
2018-04-03 20:56:36.742  INFO 9621 --- [           main] org.hibernate.cfg.Environment            : HHH000021: Bytecode provider name : javassist
2018-04-03 20:56:36.829  INFO 9621 --- [           main] o.hibernate.annotations.common.Version   : HCANN000001: Hibernate Commons Annotations {5.0.1.Final}
2018-04-03 20:56:37.063  INFO 9621 --- [           main] org.hibernate.dialect.Dialect            : HHH000400: Using dialect: org.hibernate.dialect.MySQL5Dialect
2018-04-03 20:56:37.799  INFO 9621 --- [           main] org.hibernate.tuple.PojoInstantiator     : HHH000182: No default (no-argument) constructor for class: server.user.UserEntity (class must be instantiated by Interceptor)
2018-04-03 20:56:37.804  INFO 9621 --- [           main] org.hibernate.tuple.PojoInstantiator     : HHH000182: No default (no-argument) constructor for class: server.booking.BookingEntity (class must be instantiated by Interceptor)
2018-04-03 20:56:37.811  INFO 9621 --- [           main] org.hibernate.tuple.PojoInstantiator     : HHH000182: No default (no-argument) constructor for class: server.room.RoomEntity (class must be instantiated by Interceptor)
2018-04-03 20:56:37.968  INFO 9621 --- [           main] org.hibernate.tool.hbm2ddl.SchemaExport  : HHH000227: Running hbm2ddl schema export
2018-04-03 20:56:37.995 ERROR 9621 --- [           main] org.hibernate.tool.hbm2ddl.SchemaExport  : HHH000389: Unsuccessful: alter table availability_days drop foreign key FKbvcc2onme1h02hqdm8lwfvj9r
2018-04-03 20:56:37.995 ERROR 9621 --- [           main] org.hibernate.tool.hbm2ddl.SchemaExport  : Can't DROP 'FKbvcc2onme1h02hqdm8lwfvj9r'; check that column/key exists
2018-04-03 20:56:38.036 ERROR 9621 --- [           main] org.hibernate.tool.hbm2ddl.SchemaExport  : HHH000389: Unsuccessful: drop table if exists availability
2018-04-03 20:56:38.036 ERROR 9621 --- [           main] org.hibernate.tool.hbm2ddl.SchemaExport  : Cannot delete or update a parent row: a foreign key constraint fails
2018-04-03 20:56:38.128 ERROR 9621 --- [           main] org.hibernate.tool.hbm2ddl.SchemaExport  : HHH000389: Unsuccessful: create table availability (id bigint not null auto_increment, primary key (id))
2018-04-03 20:56:38.129 ERROR 9621 --- [           main] org.hibernate.tool.hbm2ddl.SchemaExport  : Table 'availability' already exists
2018-04-03 20:56:38.337 ERROR 9621 --- [           main] org.hibernate.tool.hbm2ddl.SchemaExport  : HHH000389: Unsuccessful: alter table availability_days add constraint FKbvcc2onme1h02hqdm8lwfvj9r foreign key (availability_id) references availability (id)
2018-04-03 20:56:38.338 ERROR 9621 --- [           main] org.hibernate.tool.hbm2ddl.SchemaExport  : Cannot add foreign key constraint
2018-04-03 20:56:38.480  INFO 9621 --- [           main] org.hibernate.tool.hbm2ddl.SchemaExport  : HHH000230: Schema export complete
2018-04-03 20:56:38.533  INFO 9621 --- [           main] j.LocalContainerEntityManagerFactoryBean : Initialized JPA EntityManagerFactory for persistence unit 'default'
2018-04-03 20:56:39.824  INFO 9621 --- [           main] s.w.s.m.m.a.RequestMappingHandlerAdapter : Looking for @ControllerAdvice: org.springframework.boot.context.embedded.AnnotationConfigEmbeddedWebApplicationContext@37574691: startup date [Tue Apr 03 20:56:29 GMT 2018]; root of context hierarchy
2018-04-03 20:56:40.108  INFO 9621 --- [           main] s.w.s.m.m.a.RequestMappingHandlerMapping : Mapped "{[/database/addUser],methods=[GET]}" onto public java.lang.String server.MainController.addNewUser(java.lang.String,java.lang.String)
2018-04-03 20:56:40.134  INFO 9621 --- [           main] s.w.s.m.m.a.RequestMappingHandlerMapping : Mapped "{[/database/oneUser],methods=[GET]}" onto public server.user.UserEntity server.MainController.getOneUser(java.lang.Long)
2018-04-03 20:56:40.137  INFO 9621 --- [           main] s.w.s.m.m.a.RequestMappingHandlerMapping : Mapped "{[/database/allUsers],methods=[GET]}" onto public java.lang.Iterable<server.user.UserEntity> server.MainController.getAllUsers()
2018-04-03 20:56:40.139  INFO 9621 --- [           main] s.w.s.m.m.a.RequestMappingHandlerMapping : Mapped "{[/database/addBookingToUser],methods=[GET]}" onto public java.lang.String server.MainController.addBookingToUser(java.lang.Long,java.lang.Long)
2018-04-03 20:56:40.143  INFO 9621 --- [           main] s.w.s.m.m.a.RequestMappingHandlerMapping : Mapped "{[/database/addHotel],methods=[GET]}" onto public java.lang.Long server.MainController.addNewHotel(java.lang.String,java.lang.String,double,java.lang.Double,java.util.ArrayList<java.lang.String>,java.lang.Integer)
2018-04-03 20:56:40.147  INFO 9621 --- [           main] s.w.s.m.m.a.RequestMappingHandlerMapping : Mapped "{[/database/oneHotel],methods=[GET]}" onto public server.hotel.HotelEntity server.MainController.getOneHotel(java.lang.Long)
2018-04-03 20:56:40.150  INFO 9621 --- [           main] s.w.s.m.m.a.RequestMappingHandlerMapping : Mapped "{[/database/allHotels],methods=[GET]}" onto public java.lang.Iterable<server.hotel.HotelEntity> server.MainController.getAllHotels()
2018-04-03 20:56:40.153  INFO 9621 --- [           main] s.w.s.m.m.a.RequestMappingHandlerMapping : Mapped "{[/database/addRoom],methods=[GET]}" onto public java.lang.String server.MainController.addNewRoom(java.lang.String,java.lang.Integer,java.lang.Boolean)
2018-04-03 20:56:40.156  INFO 9621 --- [           main] s.w.s.m.m.a.RequestMappingHandlerMapping : Mapped "{[/database/oneRoom],methods=[GET]}" onto public server.room.RoomEntity server.MainController.getOneRoom(java.lang.Long)
2018-04-03 20:56:40.162  INFO 9621 --- [           main] s.w.s.m.m.a.RequestMappingHandlerMapping : Mapped "{[/database/oneBooking],methods=[GET]}" onto public server.booking.BookingEntity server.MainController.getOneBooking(java.lang.Long)
2018-04-03 20:56:40.163  INFO 9621 --- [           main] s.w.s.m.m.a.RequestMappingHandlerMapping : Mapped "{[/database/addBookingWithUser],methods=[GET]}" onto public java.lang.String server.MainController.addNewBooking(java.lang.Long,java.lang.Long,java.lang.String,java.lang.String,java.lang.String)
2018-04-03 20:56:40.165  INFO 9621 --- [           main] s.w.s.m.m.a.RequestMappingHandlerMapping : Mapped "{[/database/addBooking],methods=[GET]}" onto public java.lang.String server.MainController.addNewBooking(java.lang.Long,java.lang.String,java.lang.String,java.lang.String)
2018-04-03 20:56:40.166  INFO 9621 --- [           main] s.w.s.m.m.a.RequestMappingHandlerMapping : Mapped "{[/database/oneAvailability],methods=[GET]}" onto public server.availability.AvailabilityEntity server.MainController.getOneAvailability(java.lang.Long)
2018-04-03 20:56:40.166  INFO 9621 --- [           main] s.w.s.m.m.a.RequestMappingHandlerMapping : Mapped "{[/database/removeHotel],methods=[GET]}" onto public java.lang.String server.MainController.remove(java.lang.Long)
2018-04-03 20:56:40.174  INFO 9621 --- [           main] s.w.s.m.m.a.RequestMappingHandlerMapping : Mapped "{[/error],produces=[text/html]}" onto public org.springframework.web.servlet.ModelAndView org.springframework.boot.autoconfigure.web.BasicErrorController.errorHtml(javax.servlet.http.HttpServletRequest,javax.servlet.http.HttpServletResponse)
2018-04-03 20:56:40.176  INFO 9621 --- [           main] s.w.s.m.m.a.RequestMappingHandlerMapping : Mapped "{[/error]}" onto public org.springframework.http.ResponseEntity<java.util.Map<java.lang.String, java.lang.Object>> org.springframework.boot.autoconfigure.web.BasicErrorController.error(javax.servlet.http.HttpServletRequest)
2018-04-03 20:56:40.231  INFO 9621 --- [           main] o.s.w.s.handler.SimpleUrlHandlerMapping  : Mapped URL path [/webjars/**] onto handler of type [class org.springframework.web.servlet.resource.ResourceHttpRequestHandler]
2018-04-03 20:56:40.232  INFO 9621 --- [           main] o.s.w.s.handler.SimpleUrlHandlerMapping  : Mapped URL path [/**] onto handler of type [class org.springframework.web.servlet.resource.ResourceHttpRequestHandler]
2018-04-03 20:56:40.387  INFO 9621 --- [           main] o.s.w.s.handler.SimpleUrlHandlerMapping  : Mapped URL path [/**/favicon.ico] onto handler of type [class org.springframework.web.servlet.resource.ResourceHttpRequestHandler]
2018-04-03 20:56:41.114  INFO 9621 --- [           main] o.s.j.e.a.AnnotationMBeanExporter        : Registering beans for JMX exposure on startup
2018-04-03 20:56:41.426  INFO 9621 --- [           main] s.b.c.e.t.TomcatEmbeddedServletContainer : Tomcat started on port(s): 8080 (http)
2018-04-03 20:56:41.485  INFO 9621 --- [           main] server.Application                       : Started Application in 12.406 seconds (JVM running for 12.941)
2018-04-03 21:58:27.797  INFO 9621 --- [nio-8080-exec-1] o.a.c.c.C.[Tomcat].[localhost].[/]       : Initializing Spring FrameworkServlet 'dispatcherServlet'
2018-04-03 21:58:27.798  INFO 9621 --- [nio-8080-exec-1] o.s.web.servlet.DispatcherServlet        : FrameworkServlet 'dispatcherServlet': initialization started
2018-04-03 21:58:27.826  INFO 9621 --- [nio-8080-exec-1] o.s.web.servlet.DispatcherServlet        : FrameworkServlet 'dispatcherServlet': initialization completed in 28 ms
2018-04-03 22:26:52.908  INFO 9621 --- [nio-8080-exec-5] o.h.h.i.QueryTranslatorFactoryInitiator  : HHH000397: Using ASTQueryTranslatorFactory
Exception in thread "DisconnectableInputStream source reader" org.gradle.api.UncheckedIOException: java.io.IOException: Bad file descriptor
	at org.gradle.internal.UncheckedException.throwAsUncheckedException(UncheckedException.java:43)
	at org.gradle.util.DisconnectableInputStream$1.run(DisconnectableInputStream.java:125)
	at java.lang.Thread.run(Thread.java:748)
Caused by: java.io.IOException: Bad file descriptor
	at java.io.FileInputStream.readBytes(Native Method)
	at java.io.FileInputStream.read(FileInputStream.java:255)
	at java.io.BufferedInputStream.fill(BufferedInputStream.java:246)
	at java.io.BufferedInputStream.read1(BufferedInputStream.java:286)
	at java.io.BufferedInputStream.read(BufferedInputStream.java:345)
	at org.gradle.util.DisconnectableInputStream$1.run(DisconnectableInputStream.java:96)
	... 1 more
:compileJava UP-TO-DATE
:processResources UP-TO-DATE
:classes UP-TO-DATE
:findMainClass
:bootRun

  .   ____          _            __ _ _
 /\\ / ___'_ __ _ _(_)_ __  __ _ \ \ \ \
( ( )\___ | '_ | '_| | '_ \/ _` | \ \ \ \
 \\/  ___)| |_)| | | | | || (_| |  ) ) ) )
  '  |____| .__|_| |_|_| |_\__, | / / / /
 =========|_|==============|___/=/_/_/_/
 :: Spring Boot ::       (v1.5.10.RELEASE)

2018-04-09 23:53:29.387  INFO 9525 --- [           main] server.Application                       : Starting Application on mabish with PID 9525 (/home/pimp-of-pimps/projects/search/server/initial/build/classes/main started by pimp-of-pimps in /home/pimp-of-pimps/projects/search/server/initial)
2018-04-09 23:53:29.392  INFO 9525 --- [           main] server.Application                       : No active profile set, falling back to default profiles: default
2018-04-09 23:53:29.481  INFO 9525 --- [           main] ationConfigEmbeddedWebApplicationContext : Refreshing org.springframework.boot.context.embedded.AnnotationConfigEmbeddedWebApplicationContext@37574691: startup date [Mon Apr 09 23:53:29 GMT 2018]; root of context hierarchy
2018-04-09 23:53:31.365  INFO 9525 --- [           main] trationDelegate$BeanPostProcessorChecker : Bean 'org.springframework.transaction.annotation.ProxyTransactionManagementConfiguration' of type [org.springframework.transaction.annotation.ProxyTransactionManagementConfiguration$$EnhancerBySpringCGLIB$$7c2f3b0f] is not eligible for getting processed by all BeanPostProcessors (for example: not eligible for auto-proxying)
2018-04-09 23:53:32.057  INFO 9525 --- [           main] s.b.c.e.t.TomcatEmbeddedServletContainer : Tomcat initialized with port(s): 8080 (http)
2018-04-09 23:53:32.083  INFO 9525 --- [           main] o.apache.catalina.core.StandardService   : Starting service [Tomcat]
2018-04-09 23:53:32.086  INFO 9525 --- [           main] org.apache.catalina.core.StandardEngine  : Starting Servlet Engine: Apache Tomcat/8.5.27
2018-04-09 23:53:32.249  INFO 9525 --- [ost-startStop-1] o.a.c.c.C.[Tomcat].[localhost].[/]       : Initializing Spring embedded WebApplicationContext
2018-04-09 23:53:32.250  INFO 9525 --- [ost-startStop-1] o.s.web.context.ContextLoader            : Root WebApplicationContext: initialization completed in 2774 ms
2018-04-09 23:53:32.479  INFO 9525 --- [ost-startStop-1] o.s.b.w.servlet.ServletRegistrationBean  : Mapping servlet: 'dispatcherServlet' to [/]
2018-04-09 23:53:32.486  INFO 9525 --- [ost-startStop-1] o.s.b.w.servlet.FilterRegistrationBean   : Mapping filter: 'characterEncodingFilter' to: [/*]
2018-04-09 23:53:32.488  INFO 9525 --- [ost-startStop-1] o.s.b.w.servlet.FilterRegistrationBean   : Mapping filter: 'hiddenHttpMethodFilter' to: [/*]
2018-04-09 23:53:32.489  INFO 9525 --- [ost-startStop-1] o.s.b.w.servlet.FilterRegistrationBean   : Mapping filter: 'httpPutFormContentFilter' to: [/*]
2018-04-09 23:53:32.489  INFO 9525 --- [ost-startStop-1] o.s.b.w.servlet.FilterRegistrationBean   : Mapping filter: 'requestContextFilter' to: [/*]
Mon Apr 09 23:53:33 GMT 2018 WARN: Establishing SSL connection without server's identity verification is not recommended. According to MySQL 5.5.45+, 5.6.26+ and 5.7.6+ requirements SSL connection must be established by default if explicit option isn't set. For compliance with existing applications not using SSL the verifyServerCertificate property is set to 'false'. You need either to explicitly disable SSL by setting useSSL=false, or set useSSL=true and provide truststore for server certificate verification.
Mon Apr 09 23:53:33 GMT 2018 WARN: Establishing SSL connection without server's identity verification is not recommended. According to MySQL 5.5.45+, 5.6.26+ and 5.7.6+ requirements SSL connection must be established by default if explicit option isn't set. For compliance with existing applications not using SSL the verifyServerCertificate property is set to 'false'. You need either to explicitly disable SSL by setting useSSL=false, or set useSSL=true and provide truststore for server certificate verification.
Mon Apr 09 23:53:33 GMT 2018 WARN: Establishing SSL connection without server's identity verification is not recommended. According to MySQL 5.5.45+, 5.6.26+ and 5.7.6+ requirements SSL connection must be established by default if explicit option isn't set. For compliance with existing applications not using SSL the verifyServerCertificate property is set to 'false'. You need either to explicitly disable SSL by setting useSSL=false, or set useSSL=true and provide truststore for server certificate verification.
Mon Apr 09 23:53:33 GMT 2018 WARN: Establishing SSL connection without server's identity verification is not recommended. According to MySQL 5.5.45+, 5.6.26+ and 5.7.6+ requirements SSL connection must be established by default if explicit option isn't set. For compliance with existing applications not using SSL the verifyServerCertificate property is set to 'false'. You need either to explicitly disable SSL by setting useSSL=false, or set useSSL=true and provide truststore for server certificate verification.
Mon Apr 09 23:53:33 GMT 2018 WARN: Establishing SSL connection without server's identity verification is not recommended. According to MySQL 5.5.45+, 5.6.26+ and 5.7.6+ requirements SSL connection must be established by default if explicit option isn't set. For compliance with existing applications not using SSL the verifyServerCertificate property is set to 'false'. You need either to explicitly disable SSL by setting useSSL=false, or set useSSL=true and provide truststore for server certificate verification.
Mon Apr 09 23:53:33 GMT 2018 WARN: Establishing SSL connection without server's identity verification is not recommended. According to MySQL 5.5.45+, 5.6.26+ and 5.7.6+ requirements SSL connection must be established by default if explicit option isn't set. For compliance with existing applications not using SSL the verifyServerCertificate property is set to 'false'. You need either to explicitly disable SSL by setting useSSL=false, or set useSSL=true and provide truststore for server certificate verification.
Mon Apr 09 23:53:33 GMT 2018 WARN: Establishing SSL connection without server's identity verification is not recommended. According to MySQL 5.5.45+, 5.6.26+ and 5.7.6+ requirements SSL connection must be established by default if explicit option isn't set. For compliance with existing applications not using SSL the verifyServerCertificate property is set to 'false'. You need either to explicitly disable SSL by setting useSSL=false, or set useSSL=true and provide truststore for server certificate verification.
Mon Apr 09 23:53:33 GMT 2018 WARN: Establishing SSL connection without server's identity verification is not recommended. According to MySQL 5.5.45+, 5.6.26+ and 5.7.6+ requirements SSL connection must be established by default if explicit option isn't set. For compliance with existing applications not using SSL the verifyServerCertificate property is set to 'false'. You need either to explicitly disable SSL by setting useSSL=false, or set useSSL=true and provide truststore for server certificate verification.
Mon Apr 09 23:53:33 GMT 2018 WARN: Establishing SSL connection without server's identity verification is not recommended. According to MySQL 5.5.45+, 5.6.26+ and 5.7.6+ requirements SSL connection must be established by default if explicit option isn't set. For compliance with existing applications not using SSL the verifyServerCertificate property is set to 'false'. You need either to explicitly disable SSL by setting useSSL=false, or set useSSL=true and provide truststore for server certificate verification.
Mon Apr 09 23:53:33 GMT 2018 WARN: Establishing SSL connection without server's identity verification is not recommended. According to MySQL 5.5.45+, 5.6.26+ and 5.7.6+ requirements SSL connection must be established by default if explicit option isn't set. For compliance with existing applications not using SSL the verifyServerCertificate property is set to 'false'. You need either to explicitly disable SSL by setting useSSL=false, or set useSSL=true and provide truststore for server certificate verification.
2018-04-09 23:53:33.750  INFO 9525 --- [           main] j.LocalContainerEntityManagerFactoryBean : Building JPA container EntityManagerFactory for persistence unit 'default'
2018-04-09 23:53:33.771  INFO 9525 --- [           main] o.hibernate.jpa.internal.util.LogHelper  : HHH000204: Processing PersistenceUnitInfo [
	name: default
	...]
2018-04-09 23:53:33.878  INFO 9525 --- [           main] org.hibernate.Version                    : HHH000412: Hibernate Core {5.0.12.Final}
2018-04-09 23:53:33.882  INFO 9525 --- [           main] org.hibernate.cfg.Environment            : HHH000206: hibernate.properties not found
2018-04-09 23:53:33.888  INFO 9525 --- [           main] org.hibernate.cfg.Environment            : HHH000021: Bytecode provider name : javassist
2018-04-09 23:53:33.964  INFO 9525 --- [           main] o.hibernate.annotations.common.Version   : HCANN000001: Hibernate Commons Annotations {5.0.1.Final}
2018-04-09 23:53:34.158  INFO 9525 --- [           main] org.hibernate.dialect.Dialect            : HHH000400: Using dialect: org.hibernate.dialect.MySQL5Dialect
2018-04-09 23:53:35.223  INFO 9525 --- [           main] org.hibernate.tuple.PojoInstantiator     : HHH000182: No default (no-argument) constructor for class: server.user.UserEntity (class must be instantiated by Interceptor)
2018-04-09 23:53:35.252  INFO 9525 --- [           main] org.hibernate.tuple.PojoInstantiator     : HHH000182: No default (no-argument) constructor for class: server.booking.BookingEntity (class must be instantiated by Interceptor)
2018-04-09 23:53:35.259  INFO 9525 --- [           main] org.hibernate.tuple.PojoInstantiator     : HHH000182: No default (no-argument) constructor for class: server.room.RoomEntity (class must be instantiated by Interceptor)
2018-04-09 23:53:35.501  INFO 9525 --- [           main] org.hibernate.tool.hbm2ddl.SchemaExport  : HHH000227: Running hbm2ddl schema export
2018-04-09 23:53:35.577 ERROR 9525 --- [           main] org.hibernate.tool.hbm2ddl.SchemaExport  : HHH000389: Unsuccessful: alter table availability_days drop foreign key FKbvcc2onme1h02hqdm8lwfvj9r
2018-04-09 23:53:35.581 ERROR 9525 --- [           main] org.hibernate.tool.hbm2ddl.SchemaExport  : Can't DROP 'FKbvcc2onme1h02hqdm8lwfvj9r'; check that column/key exists
2018-04-09 23:53:35.643 ERROR 9525 --- [           main] org.hibernate.tool.hbm2ddl.SchemaExport  : HHH000389: Unsuccessful: drop table if exists availability
2018-04-09 23:53:35.645 ERROR 9525 --- [           main] org.hibernate.tool.hbm2ddl.SchemaExport  : Cannot delete or update a parent row: a foreign key constraint fails
2018-04-09 23:53:35.779 ERROR 9525 --- [           main] org.hibernate.tool.hbm2ddl.SchemaExport  : HHH000389: Unsuccessful: create table availability (id bigint not null auto_increment, primary key (id))
2018-04-09 23:53:35.780 ERROR 9525 --- [           main] org.hibernate.tool.hbm2ddl.SchemaExport  : Table 'availability' already exists
2018-04-09 23:53:35.989 ERROR 9525 --- [           main] org.hibernate.tool.hbm2ddl.SchemaExport  : HHH000389: Unsuccessful: alter table availability_days add constraint FKbvcc2onme1h02hqdm8lwfvj9r foreign key (availability_id) references availability (id)
2018-04-09 23:53:35.990 ERROR 9525 --- [           main] org.hibernate.tool.hbm2ddl.SchemaExport  : Cannot add foreign key constraint
2018-04-09 23:53:36.188  INFO 9525 --- [           main] org.hibernate.tool.hbm2ddl.SchemaExport  : HHH000230: Schema export complete
2018-04-09 23:53:36.257  INFO 9525 --- [           main] j.LocalContainerEntityManagerFactoryBean : Initialized JPA EntityManagerFactory for persistence unit 'default'
2018-04-09 23:53:37.112  INFO 9525 --- [           main] s.w.s.m.m.a.RequestMappingHandlerAdapter : Looking for @ControllerAdvice: org.springframework.boot.context.embedded.AnnotationConfigEmbeddedWebApplicationContext@37574691: startup date [Mon Apr 09 23:53:29 GMT 2018]; root of context hierarchy
2018-04-09 23:53:37.256  INFO 9525 --- [           main] s.w.s.m.m.a.RequestMappingHandlerMapping : Mapped "{[/database/oneUser],methods=[GET]}" onto public server.user.UserEntity server.MainController.getOneUser(java.lang.Long)
2018-04-09 23:53:37.260  INFO 9525 --- [           main] s.w.s.m.m.a.RequestMappingHandlerMapping : Mapped "{[/database/allUsers],methods=[GET]}" onto public java.lang.Iterable<server.user.UserEntity> server.MainController.getAllUsers()
2018-04-09 23:53:37.261  INFO 9525 --- [           main] s.w.s.m.m.a.RequestMappingHandlerMapping : Mapped "{[/database/addBookingToUser],methods=[GET]}" onto public java.lang.String server.MainController.addBookingToUser(java.lang.Long,java.lang.Long)
2018-04-09 23:53:37.262  INFO 9525 --- [           main] s.w.s.m.m.a.RequestMappingHandlerMapping : Mapped "{[/database/addHotel],methods=[GET]}" onto public java.lang.Long server.MainController.addNewHotel(java.lang.String,java.lang.String,double,java.lang.Double,java.util.ArrayList<java.lang.String>,java.lang.Integer)
2018-04-09 23:53:37.263  INFO 9525 --- [           main] s.w.s.m.m.a.RequestMappingHandlerMapping : Mapped "{[/database/addUser],methods=[GET]}" onto public java.lang.String server.MainController.addNewUser(java.lang.String,java.lang.String)
2018-04-09 23:53:37.263  INFO 9525 --- [           main] s.w.s.m.m.a.RequestMappingHandlerMapping : Mapped "{[/database/oneHotel],methods=[GET]}" onto public server.hotel.HotelEntity server.MainController.getOneHotel(java.lang.Long)
2018-04-09 23:53:37.264  INFO 9525 --- [           main] s.w.s.m.m.a.RequestMappingHandlerMapping : Mapped "{[/database/allHotels],methods=[GET]}" onto public java.lang.Iterable<server.hotel.HotelEntity> server.MainController.getAllHotels()
2018-04-09 23:53:37.264  INFO 9525 --- [           main] s.w.s.m.m.a.RequestMappingHandlerMapping : Mapped "{[/database/addRoom],methods=[GET]}" onto public java.lang.String server.MainController.addNewRoom(java.lang.String,java.lang.Integer,java.lang.Boolean)
2018-04-09 23:53:37.265  INFO 9525 --- [           main] s.w.s.m.m.a.RequestMappingHandlerMapping : Mapped "{[/database/oneRoom],methods=[GET]}" onto public server.room.RoomEntity server.MainController.getOneRoom(java.lang.Long)
2018-04-09 23:53:37.265  INFO 9525 --- [           main] s.w.s.m.m.a.RequestMappingHandlerMapping : Mapped "{[/database/oneBooking],methods=[GET]}" onto public server.booking.BookingEntity server.MainController.getOneBooking(java.lang.Long)
2018-04-09 23:53:37.266  INFO 9525 --- [           main] s.w.s.m.m.a.RequestMappingHandlerMapping : Mapped "{[/database/addBookingWithUser],methods=[GET]}" onto public java.lang.String server.MainController.addNewBooking(java.lang.Long,java.lang.Long,java.lang.String,java.lang.String,java.lang.String)
2018-04-09 23:53:37.266  INFO 9525 --- [           main] s.w.s.m.m.a.RequestMappingHandlerMapping : Mapped "{[/database/addBooking],methods=[GET]}" onto public java.lang.String server.MainController.addNewBooking(java.lang.Long,java.lang.String,java.lang.String,java.lang.String)
2018-04-09 23:53:37.267  INFO 9525 --- [           main] s.w.s.m.m.a.RequestMappingHandlerMapping : Mapped "{[/database/oneAvailability],methods=[GET]}" onto public server.availability.AvailabilityEntity server.MainController.getOneAvailability(java.lang.Long)
2018-04-09 23:53:37.268  INFO 9525 --- [           main] s.w.s.m.m.a.RequestMappingHandlerMapping : Mapped "{[/database/removeHotel],methods=[GET]}" onto public java.lang.String server.MainController.remove(java.lang.Long)
2018-04-09 23:53:37.272  INFO 9525 --- [           main] s.w.s.m.m.a.RequestMappingHandlerMapping : Mapped "{[/error],produces=[text/html]}" onto public org.springframework.web.servlet.ModelAndView org.springframework.boot.autoconfigure.web.BasicErrorController.errorHtml(javax.servlet.http.HttpServletRequest,javax.servlet.http.HttpServletResponse)
2018-04-09 23:53:37.272  INFO 9525 --- [           main] s.w.s.m.m.a.RequestMappingHandlerMapping : Mapped "{[/error]}" onto public org.springframework.http.ResponseEntity<java.util.Map<java.lang.String, java.lang.Object>> org.springframework.boot.autoconfigure.web.BasicErrorController.error(javax.servlet.http.HttpServletRequest)
2018-04-09 23:53:37.333  INFO 9525 --- [           main] o.s.w.s.handler.SimpleUrlHandlerMapping  : Mapped URL path [/webjars/**] onto handler of type [class org.springframework.web.servlet.resource.ResourceHttpRequestHandler]
2018-04-09 23:53:37.333  INFO 9525 --- [           main] o.s.w.s.handler.SimpleUrlHandlerMapping  : Mapped URL path [/**] onto handler of type [class org.springframework.web.servlet.resource.ResourceHttpRequestHandler]
2018-04-09 23:53:37.398  INFO 9525 --- [           main] o.s.w.s.handler.SimpleUrlHandlerMapping  : Mapped URL path [/**/favicon.ico] onto handler of type [class org.springframework.web.servlet.resource.ResourceHttpRequestHandler]
2018-04-09 23:53:37.798  INFO 9525 --- [           main] o.s.j.e.a.AnnotationMBeanExporter        : Registering beans for JMX exposure on startup
2018-04-09 23:53:37.889  INFO 9525 --- [           main] s.b.c.e.t.TomcatEmbeddedServletContainer : Tomcat started on port(s): 8080 (http)
2018-04-09 23:53:37.896  INFO 9525 --- [           main] server.Application                       : Started Application in 8.982 seconds (JVM running for 9.725)
2018-04-09 23:53:38.653  INFO 9525 --- [nio-8080-exec-1] o.a.c.c.C.[Tomcat].[localhost].[/]       : Initializing Spring FrameworkServlet 'dispatcherServlet'
2018-04-09 23:53:38.654  INFO 9525 --- [nio-8080-exec-1] o.s.web.servlet.DispatcherServlet        : FrameworkServlet 'dispatcherServlet': initialization started
2018-04-09 23:53:38.674  INFO 9525 --- [nio-8080-exec-1] o.s.web.servlet.DispatcherServlet        : FrameworkServlet 'dispatcherServlet': initialization completed in 20 ms
2018-04-09 23:53:38.811  INFO 9525 --- [nio-8080-exec-1] o.h.h.i.QueryTranslatorFactoryInitiator  : HHH000397: Using ASTQueryTranslatorFactory
Starting a Gradle Daemon, 2 busy Daemons could not be reused, use --status for details
Exception in thread "DisconnectableInputStream source reader" org.gradle.api.UncheckedIOException: java.io.IOException: Bad file descriptor
	at org.gradle.internal.UncheckedException.throwAsUncheckedException(UncheckedException.java:43)
	at org.gradle.util.DisconnectableInputStream$1.run(DisconnectableInputStream.java:125)
	at java.lang.Thread.run(Thread.java:748)
Caused by: java.io.IOException: Bad file descriptor
	at java.io.FileInputStream.readBytes(Native Method)
	at java.io.FileInputStream.read(FileInputStream.java:255)
	at java.io.BufferedInputStream.fill(BufferedInputStream.java:246)
	at java.io.BufferedInputStream.read1(BufferedInputStream.java:286)
	at java.io.BufferedInputStream.read(BufferedInputStream.java:345)
	at org.gradle.util.DisconnectableInputStream$1.run(DisconnectableInputStream.java:96)
	... 1 more
Exception in thread "DisconnectableInputStream source reader" org.gradle.api.UncheckedIOException: java.io.IOException: Bad file descriptor
	at org.gradle.internal.UncheckedException.throwAsUncheckedException(UncheckedException.java:43)
	at org.gradle.util.DisconnectableInputStream$1.run(DisconnectableInputStream.java:125)
	at java.lang.Thread.run(Thread.java:748)
Caused by: java.io.IOException: Bad file descriptor
	at java.io.FileInputStream.readBytes(Native Method)
	at java.io.FileInputStream.read(FileInputStream.java:255)
	at java.io.BufferedInputStream.fill(BufferedInputStream.java:246)
	at java.io.BufferedInputStream.read1(BufferedInputStream.java:286)
	at java.io.BufferedInputStream.read(BufferedInputStream.java:345)
	at org.gradle.util.DisconnectableInputStream$1.run(DisconnectableInputStream.java:96)
	... 1 more
:compileJava UP-TO-DATE
:processResources UP-TO-DATE
:classes UP-TO-DATE
:findMainClass
:bootRun

  .   ____          _            __ _ _
 /\\ / ___'_ __ _ _(_)_ __  __ _ \ \ \ \
( ( )\___ | '_ | '_| | '_ \/ _` | \ \ \ \
 \\/  ___)| |_)| | | | | || (_| |  ) ) ) )
  '  |____| .__|_| |_|_| |_\__, | / / / /
 =========|_|==============|___/=/_/_/_/
 :: Spring Boot ::       (v1.5.10.RELEASE)

2018-04-10 14:19:19.435  INFO 7915 --- [           main] server.Application                       : Starting Application on mabish with PID 7915 (/home/pimp-of-pimps/projects/search/server/initial/build/classes/main started by pimp-of-pimps in /home/pimp-of-pimps/projects/search/server/initial)
2018-04-10 14:19:19.446  INFO 7915 --- [           main] server.Application                       : No active profile set, falling back to default profiles: default
2018-04-10 14:19:19.561  INFO 7915 --- [           main] ationConfigEmbeddedWebApplicationContext : Refreshing org.springframework.boot.context.embedded.AnnotationConfigEmbeddedWebApplicationContext@37574691: startup date [Tue Apr 10 14:19:19 GMT 2018]; root of context hierarchy
2018-04-10 14:19:21.361  INFO 7915 --- [           main] trationDelegate$BeanPostProcessorChecker : Bean 'org.springframework.transaction.annotation.ProxyTransactionManagementConfiguration' of type [org.springframework.transaction.annotation.ProxyTransactionManagementConfiguration$$EnhancerBySpringCGLIB$$c39c56bf] is not eligible for getting processed by all BeanPostProcessors (for example: not eligible for auto-proxying)
2018-04-10 14:19:22.112  INFO 7915 --- [           main] s.b.c.e.t.TomcatEmbeddedServletContainer : Tomcat initialized with port(s): 8080 (http)
2018-04-10 14:19:22.139  INFO 7915 --- [           main] o.apache.catalina.core.StandardService   : Starting service [Tomcat]
2018-04-10 14:19:22.141  INFO 7915 --- [           main] org.apache.catalina.core.StandardEngine  : Starting Servlet Engine: Apache Tomcat/8.5.27
2018-04-10 14:19:22.310  INFO 7915 --- [ost-startStop-1] o.a.c.c.C.[Tomcat].[localhost].[/]       : Initializing Spring embedded WebApplicationContext
2018-04-10 14:19:22.310  INFO 7915 --- [ost-startStop-1] o.s.web.context.ContextLoader            : Root WebApplicationContext: initialization completed in 2755 ms
2018-04-10 14:19:22.485  INFO 7915 --- [ost-startStop-1] o.s.b.w.servlet.ServletRegistrationBean  : Mapping servlet: 'dispatcherServlet' to [/]
2018-04-10 14:19:22.493  INFO 7915 --- [ost-startStop-1] o.s.b.w.servlet.FilterRegistrationBean   : Mapping filter: 'characterEncodingFilter' to: [/*]
2018-04-10 14:19:22.494  INFO 7915 --- [ost-startStop-1] o.s.b.w.servlet.FilterRegistrationBean   : Mapping filter: 'hiddenHttpMethodFilter' to: [/*]
2018-04-10 14:19:22.496  INFO 7915 --- [ost-startStop-1] o.s.b.w.servlet.FilterRegistrationBean   : Mapping filter: 'httpPutFormContentFilter' to: [/*]
2018-04-10 14:19:22.496  INFO 7915 --- [ost-startStop-1] o.s.b.w.servlet.FilterRegistrationBean   : Mapping filter: 'requestContextFilter' to: [/*]
Tue Apr 10 14:19:23 GMT 2018 WARN: Establishing SSL connection without server's identity verification is not recommended. According to MySQL 5.5.45+, 5.6.26+ and 5.7.6+ requirements SSL connection must be established by default if explicit option isn't set. For compliance with existing applications not using SSL the verifyServerCertificate property is set to 'false'. You need either to explicitly disable SSL by setting useSSL=false, or set useSSL=true and provide truststore for server certificate verification.
Tue Apr 10 14:19:23 GMT 2018 WARN: Establishing SSL connection without server's identity verification is not recommended. According to MySQL 5.5.45+, 5.6.26+ and 5.7.6+ requirements SSL connection must be established by default if explicit option isn't set. For compliance with existing applications not using SSL the verifyServerCertificate property is set to 'false'. You need either to explicitly disable SSL by setting useSSL=false, or set useSSL=true and provide truststore for server certificate verification.
Tue Apr 10 14:19:23 GMT 2018 WARN: Establishing SSL connection without server's identity verification is not recommended. According to MySQL 5.5.45+, 5.6.26+ and 5.7.6+ requirements SSL connection must be established by default if explicit option isn't set. For compliance with existing applications not using SSL the verifyServerCertificate property is set to 'false'. You need either to explicitly disable SSL by setting useSSL=false, or set useSSL=true and provide truststore for server certificate verification.
Tue Apr 10 14:19:23 GMT 2018 WARN: Establishing SSL connection without server's identity verification is not recommended. According to MySQL 5.5.45+, 5.6.26+ and 5.7.6+ requirements SSL connection must be established by default if explicit option isn't set. For compliance with existing applications not using SSL the verifyServerCertificate property is set to 'false'. You need either to explicitly disable SSL by setting useSSL=false, or set useSSL=true and provide truststore for server certificate verification.
Tue Apr 10 14:19:23 GMT 2018 WARN: Establishing SSL connection without server's identity verification is not recommended. According to MySQL 5.5.45+, 5.6.26+ and 5.7.6+ requirements SSL connection must be established by default if explicit option isn't set. For compliance with existing applications not using SSL the verifyServerCertificate property is set to 'false'. You need either to explicitly disable SSL by setting useSSL=false, or set useSSL=true and provide truststore for server certificate verification.
Tue Apr 10 14:19:23 GMT 2018 WARN: Establishing SSL connection without server's identity verification is not recommended. According to MySQL 5.5.45+, 5.6.26+ and 5.7.6+ requirements SSL connection must be established by default if explicit option isn't set. For compliance with existing applications not using SSL the verifyServerCertificate property is set to 'false'. You need either to explicitly disable SSL by setting useSSL=false, or set useSSL=true and provide truststore for server certificate verification.
Tue Apr 10 14:19:23 GMT 2018 WARN: Establishing SSL connection without server's identity verification is not recommended. According to MySQL 5.5.45+, 5.6.26+ and 5.7.6+ requirements SSL connection must be established by default if explicit option isn't set. For compliance with existing applications not using SSL the verifyServerCertificate property is set to 'false'. You need either to explicitly disable SSL by setting useSSL=false, or set useSSL=true and provide truststore for server certificate verification.
Tue Apr 10 14:19:23 GMT 2018 WARN: Establishing SSL connection without server's identity verification is not recommended. According to MySQL 5.5.45+, 5.6.26+ and 5.7.6+ requirements SSL connection must be established by default if explicit option isn't set. For compliance with existing applications not using SSL the verifyServerCertificate property is set to 'false'. You need either to explicitly disable SSL by setting useSSL=false, or set useSSL=true and provide truststore for server certificate verification.
Tue Apr 10 14:19:23 GMT 2018 WARN: Establishing SSL connection without server's identity verification is not recommended. According to MySQL 5.5.45+, 5.6.26+ and 5.7.6+ requirements SSL connection must be established by default if explicit option isn't set. For compliance with existing applications not using SSL the verifyServerCertificate property is set to 'false'. You need either to explicitly disable SSL by setting useSSL=false, or set useSSL=true and provide truststore for server certificate verification.
Tue Apr 10 14:19:23 GMT 2018 WARN: Establishing SSL connection without server's identity verification is not recommended. According to MySQL 5.5.45+, 5.6.26+ and 5.7.6+ requirements SSL connection must be established by default if explicit option isn't set. For compliance with existing applications not using SSL the verifyServerCertificate property is set to 'false'. You need either to explicitly disable SSL by setting useSSL=false, or set useSSL=true and provide truststore for server certificate verification.
2018-04-10 14:19:23.469  INFO 7915 --- [           main] j.LocalContainerEntityManagerFactoryBean : Building JPA container EntityManagerFactory for persistence unit 'default'
2018-04-10 14:19:23.503  INFO 7915 --- [           main] o.hibernate.jpa.internal.util.LogHelper  : HHH000204: Processing PersistenceUnitInfo [
	name: default
	...]
2018-04-10 14:19:23.607  INFO 7915 --- [           main] org.hibernate.Version                    : HHH000412: Hibernate Core {5.0.12.Final}
2018-04-10 14:19:23.609  INFO 7915 --- [           main] org.hibernate.cfg.Environment            : HHH000206: hibernate.properties not found
2018-04-10 14:19:23.612  INFO 7915 --- [           main] org.hibernate.cfg.Environment            : HHH000021: Bytecode provider name : javassist
2018-04-10 14:19:23.671  INFO 7915 --- [           main] o.hibernate.annotations.common.Version   : HCANN000001: Hibernate Commons Annotations {5.0.1.Final}
2018-04-10 14:19:23.821  INFO 7915 --- [           main] org.hibernate.dialect.Dialect            : HHH000400: Using dialect: org.hibernate.dialect.MySQL5Dialect
2018-04-10 14:19:24.539  INFO 7915 --- [           main] org.hibernate.tuple.PojoInstantiator     : HHH000182: No default (no-argument) constructor for class: server.user.UserEntity (class must be instantiated by Interceptor)
2018-04-10 14:19:24.545  INFO 7915 --- [           main] org.hibernate.tuple.PojoInstantiator     : HHH000182: No default (no-argument) constructor for class: server.booking.BookingEntity (class must be instantiated by Interceptor)
2018-04-10 14:19:24.551  INFO 7915 --- [           main] org.hibernate.tuple.PojoInstantiator     : HHH000182: No default (no-argument) constructor for class: server.room.RoomEntity (class must be instantiated by Interceptor)
2018-04-10 14:19:24.689  INFO 7915 --- [           main] org.hibernate.tool.hbm2ddl.SchemaExport  : HHH000227: Running hbm2ddl schema export
2018-04-10 14:19:24.705 ERROR 7915 --- [           main] org.hibernate.tool.hbm2ddl.SchemaExport  : HHH000389: Unsuccessful: alter table availability_days drop foreign key FKbvcc2onme1h02hqdm8lwfvj9r
2018-04-10 14:19:24.705 ERROR 7915 --- [           main] org.hibernate.tool.hbm2ddl.SchemaExport  : Can't DROP 'FKbvcc2onme1h02hqdm8lwfvj9r'; check that column/key exists
2018-04-10 14:19:24.734 ERROR 7915 --- [           main] org.hibernate.tool.hbm2ddl.SchemaExport  : HHH000389: Unsuccessful: drop table if exists availability
2018-04-10 14:19:24.735 ERROR 7915 --- [           main] org.hibernate.tool.hbm2ddl.SchemaExport  : Cannot delete or update a parent row: a foreign key constraint fails
2018-04-10 14:19:24.842 ERROR 7915 --- [           main] org.hibernate.tool.hbm2ddl.SchemaExport  : HHH000389: Unsuccessful: create table availability (id bigint not null auto_increment, primary key (id))
2018-04-10 14:19:24.844 ERROR 7915 --- [           main] org.hibernate.tool.hbm2ddl.SchemaExport  : Table 'availability' already exists
2018-04-10 14:19:25.044 ERROR 7915 --- [           main] org.hibernate.tool.hbm2ddl.SchemaExport  : HHH000389: Unsuccessful: alter table availability_days add constraint FKbvcc2onme1h02hqdm8lwfvj9r foreign key (availability_id) references availability (id)
2018-04-10 14:19:25.045 ERROR 7915 --- [           main] org.hibernate.tool.hbm2ddl.SchemaExport  : Cannot add foreign key constraint
2018-04-10 14:19:25.222  INFO 7915 --- [           main] org.hibernate.tool.hbm2ddl.SchemaExport  : HHH000230: Schema export complete
2018-04-10 14:19:25.279  INFO 7915 --- [           main] j.LocalContainerEntityManagerFactoryBean : Initialized JPA EntityManagerFactory for persistence unit 'default'
2018-04-10 14:19:26.009  INFO 7915 --- [           main] s.w.s.m.m.a.RequestMappingHandlerAdapter : Looking for @ControllerAdvice: org.springframework.boot.context.embedded.AnnotationConfigEmbeddedWebApplicationContext@37574691: startup date [Tue Apr 10 14:19:19 GMT 2018]; root of context hierarchy
2018-04-10 14:19:26.133  INFO 7915 --- [           main] s.w.s.m.m.a.RequestMappingHandlerMapping : Mapped "{[/database/addUser],methods=[GET]}" onto public java.lang.String server.MainController.addNewUser(java.lang.String,java.lang.String)
2018-04-10 14:19:26.137  INFO 7915 --- [           main] s.w.s.m.m.a.RequestMappingHandlerMapping : Mapped "{[/database/oneUser],methods=[GET]}" onto public server.user.UserEntity server.MainController.getOneUser(java.lang.Long)
2018-04-10 14:19:26.138  INFO 7915 --- [           main] s.w.s.m.m.a.RequestMappingHandlerMapping : Mapped "{[/database/allUsers],methods=[GET]}" onto public java.lang.Iterable<server.user.UserEntity> server.MainController.getAllUsers()
2018-04-10 14:19:26.139  INFO 7915 --- [           main] s.w.s.m.m.a.RequestMappingHandlerMapping : Mapped "{[/database/addBookingToUser],methods=[GET]}" onto public java.lang.String server.MainController.addBookingToUser(java.lang.Long,java.lang.Long)
2018-04-10 14:19:26.140  INFO 7915 --- [           main] s.w.s.m.m.a.RequestMappingHandlerMapping : Mapped "{[/database/addHotel],methods=[GET]}" onto public java.lang.Long server.MainController.addNewHotel(java.lang.String,java.lang.String,double,java.lang.Double,java.util.ArrayList<java.lang.String>,java.lang.Integer,java.lang.String)
2018-04-10 14:19:26.140  INFO 7915 --- [           main] s.w.s.m.m.a.RequestMappingHandlerMapping : Mapped "{[/database/oneHotel],methods=[GET]}" onto public server.hotel.HotelEntity server.MainController.getOneHotel(java.lang.Long)
2018-04-10 14:19:26.141  INFO 7915 --- [           main] s.w.s.m.m.a.RequestMappingHandlerMapping : Mapped "{[/database/allHotels],methods=[GET]}" onto public java.lang.Iterable<server.hotel.HotelEntity> server.MainController.getAllHotels()
2018-04-10 14:19:26.142  INFO 7915 --- [           main] s.w.s.m.m.a.RequestMappingHandlerMapping : Mapped "{[/database/addRoom],methods=[GET]}" onto public java.lang.String server.MainController.addNewRoom(java.lang.String,java.lang.Integer,java.lang.Boolean)
2018-04-10 14:19:26.143  INFO 7915 --- [           main] s.w.s.m.m.a.RequestMappingHandlerMapping : Mapped "{[/database/oneRoom],methods=[GET]}" onto public server.room.RoomEntity server.MainController.getOneRoom(java.lang.Long)
2018-04-10 14:19:26.143  INFO 7915 --- [           main] s.w.s.m.m.a.RequestMappingHandlerMapping : Mapped "{[/database/oneBooking],methods=[GET]}" onto public server.booking.BookingEntity server.MainController.getOneBooking(java.lang.Long)
2018-04-10 14:19:26.144  INFO 7915 --- [           main] s.w.s.m.m.a.RequestMappingHandlerMapping : Mapped "{[/database/addBookingWithUser],methods=[GET]}" onto public java.lang.String server.MainController.addNewBooking(java.lang.Long,java.lang.Long,java.lang.String,java.lang.String,java.lang.String)
2018-04-10 14:19:26.144  INFO 7915 --- [           main] s.w.s.m.m.a.RequestMappingHandlerMapping : Mapped "{[/database/addBooking],methods=[GET]}" onto public java.lang.String server.MainController.addNewBooking(java.lang.Long,java.lang.String,java.lang.String,java.lang.String)
2018-04-10 14:19:26.145  INFO 7915 --- [           main] s.w.s.m.m.a.RequestMappingHandlerMapping : Mapped "{[/database/oneAvailability],methods=[GET]}" onto public server.availability.AvailabilityEntity server.MainController.getOneAvailability(java.lang.Long)
2018-04-10 14:19:26.146  INFO 7915 --- [           main] s.w.s.m.m.a.RequestMappingHandlerMapping : Mapped "{[/database/removeHotel],methods=[GET]}" onto public java.lang.String server.MainController.remove(java.lang.Long)
2018-04-10 14:19:26.149  INFO 7915 --- [           main] s.w.s.m.m.a.RequestMappingHandlerMapping : Mapped "{[/error],produces=[text/html]}" onto public org.springframework.web.servlet.ModelAndView org.springframework.boot.autoconfigure.web.BasicErrorController.errorHtml(javax.servlet.http.HttpServletRequest,javax.servlet.http.HttpServletResponse)
2018-04-10 14:19:26.150  INFO 7915 --- [           main] s.w.s.m.m.a.RequestMappingHandlerMapping : Mapped "{[/error]}" onto public org.springframework.http.ResponseEntity<java.util.Map<java.lang.String, java.lang.Object>> org.springframework.boot.autoconfigure.web.BasicErrorController.error(javax.servlet.http.HttpServletRequest)
2018-04-10 14:19:26.193  INFO 7915 --- [           main] o.s.w.s.handler.SimpleUrlHandlerMapping  : Mapped URL path [/webjars/**] onto handler of type [class org.springframework.web.servlet.resource.ResourceHttpRequestHandler]
2018-04-10 14:19:26.194  INFO 7915 --- [           main] o.s.w.s.handler.SimpleUrlHandlerMapping  : Mapped URL path [/**] onto handler of type [class org.springframework.web.servlet.resource.ResourceHttpRequestHandler]
2018-04-10 14:19:26.267  INFO 7915 --- [           main] o.s.w.s.handler.SimpleUrlHandlerMapping  : Mapped URL path [/**/favicon.ico] onto handler of type [class org.springframework.web.servlet.resource.ResourceHttpRequestHandler]
2018-04-10 14:19:26.554  INFO 7915 --- [           main] o.s.j.e.a.AnnotationMBeanExporter        : Registering beans for JMX exposure on startup
2018-04-10 14:19:26.646  INFO 7915 --- [           main] s.b.c.e.t.TomcatEmbeddedServletContainer : Tomcat started on port(s): 8080 (http)
2018-04-10 14:19:26.653  INFO 7915 --- [           main] server.Application                       : Started Application in 7.678 seconds (JVM running for 8.271)
2018-04-10 14:19:37.887  INFO 7915 --- [nio-8080-exec-1] o.a.c.c.C.[Tomcat].[localhost].[/]       : Initializing Spring FrameworkServlet 'dispatcherServlet'
2018-04-10 14:19:37.889  INFO 7915 --- [nio-8080-exec-1] o.s.web.servlet.DispatcherServlet        : FrameworkServlet 'dispatcherServlet': initialization started
2018-04-10 14:19:37.922  INFO 7915 --- [nio-8080-exec-1] o.s.web.servlet.DispatcherServlet        : FrameworkServlet 'dispatcherServlet': initialization completed in 33 ms
2018-04-10 14:20:35.251  INFO 7915 --- [nio-8080-exec-4] o.h.h.i.QueryTranslatorFactoryInitiator  : HHH000397: Using ASTQueryTranslatorFactory
Starting a Gradle Daemon, 3 busy Daemons could not be reused, use --status for details
Exception in thread "DisconnectableInputStream source reader" org.gradle.api.UncheckedIOException: java.io.IOException: Bad file descriptor
	at org.gradle.internal.UncheckedException.throwAsUncheckedException(UncheckedException.java:43)
	at org.gradle.util.DisconnectableInputStream$1.run(DisconnectableInputStream.java:125)
	at java.lang.Thread.run(Thread.java:748)
Caused by: java.io.IOException: Bad file descriptor
	at java.io.FileInputStream.readBytes(Native Method)
	at java.io.FileInputStream.read(FileInputStream.java:255)
	at java.io.BufferedInputStream.fill(BufferedInputStream.java:246)
	at java.io.BufferedInputStream.read1(BufferedInputStream.java:286)
	at java.io.BufferedInputStream.read(BufferedInputStream.java:345)
	at org.gradle.util.DisconnectableInputStream$1.run(DisconnectableInputStream.java:96)
	... 1 more
:compileJavaNote: /home/pimp-of-pimps/projects/search/server/initial/src/main/java/server/MainController.java uses unchecked or unsafe operations.
Note: Recompile with -Xlint:unchecked for details.

:processResources UP-TO-DATE
:classes
:findMainClass
:bootRun

  .   ____          _            __ _ _
 /\\ / ___'_ __ _ _(_)_ __  __ _ \ \ \ \
( ( )\___ | '_ | '_| | '_ \/ _` | \ \ \ \
 \\/  ___)| |_)| | | | | || (_| |  ) ) ) )
  '  |____| .__|_| |_|_| |_\__, | / / / /
 =========|_|==============|___/=/_/_/_/
 :: Spring Boot ::       (v1.5.10.RELEASE)

2018-04-11 23:55:24.496  INFO 3002 --- [           main] server.Application                       : Starting Application on mabish with PID 3002 (/home/pimp-of-pimps/projects/search/server/initial/build/classes/main started by pimp-of-pimps in /home/pimp-of-pimps/projects/search/server/initial)
2018-04-11 23:55:24.502  INFO 3002 --- [           main] server.Application                       : No active profile set, falling back to default profiles: default
2018-04-11 23:55:24.600  INFO 3002 --- [           main] ationConfigEmbeddedWebApplicationContext : Refreshing org.springframework.boot.context.embedded.AnnotationConfigEmbeddedWebApplicationContext@37574691: startup date [Wed Apr 11 23:55:24 GMT 2018]; root of context hierarchy
2018-04-11 23:55:26.446  INFO 3002 --- [           main] trationDelegate$BeanPostProcessorChecker : Bean 'org.springframework.transaction.annotation.ProxyTransactionManagementConfiguration' of type [org.springframework.transaction.annotation.ProxyTransactionManagementConfiguration$$EnhancerBySpringCGLIB$$95210b75] is not eligible for getting processed by all BeanPostProcessors (for example: not eligible for auto-proxying)
2018-04-11 23:55:27.285  INFO 3002 --- [           main] s.b.c.e.t.TomcatEmbeddedServletContainer : Tomcat initialized with port(s): 8080 (http)
2018-04-11 23:55:27.309  INFO 3002 --- [           main] o.apache.catalina.core.StandardService   : Starting service [Tomcat]
2018-04-11 23:55:27.312  INFO 3002 --- [           main] org.apache.catalina.core.StandardEngine  : Starting Servlet Engine: Apache Tomcat/8.5.27
2018-04-11 23:55:27.493  INFO 3002 --- [ost-startStop-1] o.a.c.c.C.[Tomcat].[localhost].[/]       : Initializing Spring embedded WebApplicationContext
2018-04-11 23:55:27.494  INFO 3002 --- [ost-startStop-1] o.s.web.context.ContextLoader            : Root WebApplicationContext: initialization completed in 2904 ms
2018-04-11 23:55:27.689  INFO 3002 --- [ost-startStop-1] o.s.b.w.servlet.ServletRegistrationBean  : Mapping servlet: 'dispatcherServlet' to [/]
2018-04-11 23:55:27.695  INFO 3002 --- [ost-startStop-1] o.s.b.w.servlet.FilterRegistrationBean   : Mapping filter: 'characterEncodingFilter' to: [/*]
2018-04-11 23:55:27.698  INFO 3002 --- [ost-startStop-1] o.s.b.w.servlet.FilterRegistrationBean   : Mapping filter: 'hiddenHttpMethodFilter' to: [/*]
2018-04-11 23:55:27.698  INFO 3002 --- [ost-startStop-1] o.s.b.w.servlet.FilterRegistrationBean   : Mapping filter: 'httpPutFormContentFilter' to: [/*]
2018-04-11 23:55:27.698  INFO 3002 --- [ost-startStop-1] o.s.b.w.servlet.FilterRegistrationBean   : Mapping filter: 'requestContextFilter' to: [/*]
Wed Apr 11 23:55:28 GMT 2018 WARN: Establishing SSL connection without server's identity verification is not recommended. According to MySQL 5.5.45+, 5.6.26+ and 5.7.6+ requirements SSL connection must be established by default if explicit option isn't set. For compliance with existing applications not using SSL the verifyServerCertificate property is set to 'false'. You need either to explicitly disable SSL by setting useSSL=false, or set useSSL=true and provide truststore for server certificate verification.
Wed Apr 11 23:55:28 GMT 2018 WARN: Establishing SSL connection without server's identity verification is not recommended. According to MySQL 5.5.45+, 5.6.26+ and 5.7.6+ requirements SSL connection must be established by default if explicit option isn't set. For compliance with existing applications not using SSL the verifyServerCertificate property is set to 'false'. You need either to explicitly disable SSL by setting useSSL=false, or set useSSL=true and provide truststore for server certificate verification.
Wed Apr 11 23:55:28 GMT 2018 WARN: Establishing SSL connection without server's identity verification is not recommended. According to MySQL 5.5.45+, 5.6.26+ and 5.7.6+ requirements SSL connection must be established by default if explicit option isn't set. For compliance with existing applications not using SSL the verifyServerCertificate property is set to 'false'. You need either to explicitly disable SSL by setting useSSL=false, or set useSSL=true and provide truststore for server certificate verification.
Wed Apr 11 23:55:28 GMT 2018 WARN: Establishing SSL connection without server's identity verification is not recommended. According to MySQL 5.5.45+, 5.6.26+ and 5.7.6+ requirements SSL connection must be established by default if explicit option isn't set. For compliance with existing applications not using SSL the verifyServerCertificate property is set to 'false'. You need either to explicitly disable SSL by setting useSSL=false, or set useSSL=true and provide truststore for server certificate verification.
Wed Apr 11 23:55:28 GMT 2018 WARN: Establishing SSL connection without server's identity verification is not recommended. According to MySQL 5.5.45+, 5.6.26+ and 5.7.6+ requirements SSL connection must be established by default if explicit option isn't set. For compliance with existing applications not using SSL the verifyServerCertificate property is set to 'false'. You need either to explicitly disable SSL by setting useSSL=false, or set useSSL=true and provide truststore for server certificate verification.
Wed Apr 11 23:55:28 GMT 2018 WARN: Establishing SSL connection without server's identity verification is not recommended. According to MySQL 5.5.45+, 5.6.26+ and 5.7.6+ requirements SSL connection must be established by default if explicit option isn't set. For compliance with existing applications not using SSL the verifyServerCertificate property is set to 'false'. You need either to explicitly disable SSL by setting useSSL=false, or set useSSL=true and provide truststore for server certificate verification.
Wed Apr 11 23:55:28 GMT 2018 WARN: Establishing SSL connection without server's identity verification is not recommended. According to MySQL 5.5.45+, 5.6.26+ and 5.7.6+ requirements SSL connection must be established by default if explicit option isn't set. For compliance with existing applications not using SSL the verifyServerCertificate property is set to 'false'. You need either to explicitly disable SSL by setting useSSL=false, or set useSSL=true and provide truststore for server certificate verification.
Wed Apr 11 23:55:28 GMT 2018 WARN: Establishing SSL connection without server's identity verification is not recommended. According to MySQL 5.5.45+, 5.6.26+ and 5.7.6+ requirements SSL connection must be established by default if explicit option isn't set. For compliance with existing applications not using SSL the verifyServerCertificate property is set to 'false'. You need either to explicitly disable SSL by setting useSSL=false, or set useSSL=true and provide truststore for server certificate verification.
Wed Apr 11 23:55:28 GMT 2018 WARN: Establishing SSL connection without server's identity verification is not recommended. According to MySQL 5.5.45+, 5.6.26+ and 5.7.6+ requirements SSL connection must be established by default if explicit option isn't set. For compliance with existing applications not using SSL the verifyServerCertificate property is set to 'false'. You need either to explicitly disable SSL by setting useSSL=false, or set useSSL=true and provide truststore for server certificate verification.
Wed Apr 11 23:55:28 GMT 2018 WARN: Establishing SSL connection without server's identity verification is not recommended. According to MySQL 5.5.45+, 5.6.26+ and 5.7.6+ requirements SSL connection must be established by default if explicit option isn't set. For compliance with existing applications not using SSL the verifyServerCertificate property is set to 'false'. You need either to explicitly disable SSL by setting useSSL=false, or set useSSL=true and provide truststore for server certificate verification.
2018-04-11 23:55:28.813  INFO 3002 --- [           main] j.LocalContainerEntityManagerFactoryBean : Building JPA container EntityManagerFactory for persistence unit 'default'
2018-04-11 23:55:28.843  INFO 3002 --- [           main] o.hibernate.jpa.internal.util.LogHelper  : HHH000204: Processing PersistenceUnitInfo [
	name: default
	...]
2018-04-11 23:55:28.970  INFO 3002 --- [           main] org.hibernate.Version                    : HHH000412: Hibernate Core {5.0.12.Final}
2018-04-11 23:55:28.973  INFO 3002 --- [           main] org.hibernate.cfg.Environment            : HHH000206: hibernate.properties not found
2018-04-11 23:55:28.976  INFO 3002 --- [           main] org.hibernate.cfg.Environment            : HHH000021: Bytecode provider name : javassist
2018-04-11 23:55:29.051  INFO 3002 --- [           main] o.hibernate.annotations.common.Version   : HCANN000001: Hibernate Commons Annotations {5.0.1.Final}
2018-04-11 23:55:29.274  INFO 3002 --- [           main] org.hibernate.dialect.Dialect            : HHH000400: Using dialect: org.hibernate.dialect.MySQL5Dialect
2018-04-11 23:55:29.986  INFO 3002 --- [           main] org.hibernate.tuple.PojoInstantiator     : HHH000182: No default (no-argument) constructor for class: server.user.UserEntity (class must be instantiated by Interceptor)
2018-04-11 23:55:29.992  INFO 3002 --- [           main] org.hibernate.tuple.PojoInstantiator     : HHH000182: No default (no-argument) constructor for class: server.booking.BookingEntity (class must be instantiated by Interceptor)
2018-04-11 23:55:30.138  INFO 3002 --- [           main] org.hibernate.tool.hbm2ddl.SchemaExport  : HHH000227: Running hbm2ddl schema export
2018-04-11 23:55:30.164 ERROR 3002 --- [           main] org.hibernate.tool.hbm2ddl.SchemaExport  : HHH000389: Unsuccessful: alter table availability_days drop foreign key FKbvcc2onme1h02hqdm8lwfvj9r
2018-04-11 23:55:30.166 ERROR 3002 --- [           main] org.hibernate.tool.hbm2ddl.SchemaExport  : Can't DROP 'FKbvcc2onme1h02hqdm8lwfvj9r'; check that column/key exists
2018-04-11 23:55:30.201 ERROR 3002 --- [           main] org.hibernate.tool.hbm2ddl.SchemaExport  : HHH000389: Unsuccessful: drop table if exists availability
2018-04-11 23:55:30.201 ERROR 3002 --- [           main] org.hibernate.tool.hbm2ddl.SchemaExport  : Cannot delete or update a parent row: a foreign key constraint fails
2018-04-11 23:55:30.331 ERROR 3002 --- [           main] org.hibernate.tool.hbm2ddl.SchemaExport  : HHH000389: Unsuccessful: create table availability (id bigint not null auto_increment, primary key (id))
2018-04-11 23:55:30.332 ERROR 3002 --- [           main] org.hibernate.tool.hbm2ddl.SchemaExport  : Table 'availability' already exists
2018-04-11 23:55:30.537 ERROR 3002 --- [           main] org.hibernate.tool.hbm2ddl.SchemaExport  : HHH000389: Unsuccessful: alter table availability_days add constraint FKbvcc2onme1h02hqdm8lwfvj9r foreign key (availability_id) references availability (id)
2018-04-11 23:55:30.538 ERROR 3002 --- [           main] org.hibernate.tool.hbm2ddl.SchemaExport  : Cannot add foreign key constraint
2018-04-11 23:55:30.691  INFO 3002 --- [           main] org.hibernate.tool.hbm2ddl.SchemaExport  : HHH000230: Schema export complete
2018-04-11 23:55:30.764  INFO 3002 --- [           main] j.LocalContainerEntityManagerFactoryBean : Initialized JPA EntityManagerFactory for persistence unit 'default'
2018-04-11 23:55:31.492  INFO 3002 --- [           main] s.w.s.m.m.a.RequestMappingHandlerAdapter : Looking for @ControllerAdvice: org.springframework.boot.context.embedded.AnnotationConfigEmbeddedWebApplicationContext@37574691: startup date [Wed Apr 11 23:55:24 GMT 2018]; root of context hierarchy
2018-04-11 23:55:31.625  INFO 3002 --- [           main] s.w.s.m.m.a.RequestMappingHandlerMapping : Mapped "{[/database/addUser],methods=[GET]}" onto public java.lang.String server.MainController.addNewUser(java.lang.String,java.lang.String)
2018-04-11 23:55:31.629  INFO 3002 --- [           main] s.w.s.m.m.a.RequestMappingHandlerMapping : Mapped "{[/database/oneUser],methods=[GET]}" onto public server.user.UserEntity server.MainController.getOneUser(java.lang.Long)
2018-04-11 23:55:31.630  INFO 3002 --- [           main] s.w.s.m.m.a.RequestMappingHandlerMapping : Mapped "{[/database/allUsers],methods=[GET]}" onto public java.lang.Iterable<server.user.UserEntity> server.MainController.getAllUsers()
2018-04-11 23:55:31.631  INFO 3002 --- [           main] s.w.s.m.m.a.RequestMappingHandlerMapping : Mapped "{[/database/addBookingToUser],methods=[GET]}" onto public java.lang.String server.MainController.addBookingToUser(java.lang.Long,java.lang.Long)
2018-04-11 23:55:31.632  INFO 3002 --- [           main] s.w.s.m.m.a.RequestMappingHandlerMapping : Mapped "{[/database/addHotel],methods=[GET]}" onto public java.lang.Long server.MainController.addNewHotel(java.lang.String,java.lang.String,double,java.lang.Double,java.util.ArrayList<java.lang.String>,java.util.ArrayList<java.lang.Long>,java.lang.Integer,java.lang.String)
2018-04-11 23:55:31.633  INFO 3002 --- [           main] s.w.s.m.m.a.RequestMappingHandlerMapping : Mapped "{[/database/oneHotel],methods=[GET]}" onto public server.hotel.HotelEntity server.MainController.getOneHotel(java.lang.Long)
2018-04-11 23:55:31.634  INFO 3002 --- [           main] s.w.s.m.m.a.RequestMappingHandlerMapping : Mapped "{[/database/getHotelsByLocation],methods=[GET]}" onto public java.lang.Iterable<server.hotel.HotelEntity> server.MainController.getHotelsByLocation(java.lang.Double,java.lang.Double)
2018-04-11 23:55:31.634  INFO 3002 --- [           main] s.w.s.m.m.a.RequestMappingHandlerMapping : Mapped "{[/database/allHotels],methods=[GET]}" onto public java.lang.Iterable<server.hotel.HotelEntity> server.MainController.getAllHotels()
2018-04-11 23:55:31.635  INFO 3002 --- [           main] s.w.s.m.m.a.RequestMappingHandlerMapping : Mapped "{[/database/removeHotel],methods=[GET]}" onto public java.lang.String server.MainController.removeHotel(java.lang.Long)
2018-04-11 23:55:31.635  INFO 3002 --- [           main] s.w.s.m.m.a.RequestMappingHandlerMapping : Mapped "{[/database/addRoom],methods=[GET]}" onto public java.lang.String server.MainController.addNewRoom(java.lang.String,java.lang.Integer,java.lang.Boolean,java.lang.Long)
2018-04-11 23:55:31.636  INFO 3002 --- [           main] s.w.s.m.m.a.RequestMappingHandlerMapping : Mapped "{[/database/oneRoom],methods=[GET]}" onto public server.room.RoomEntity server.MainController.getOneRoom(java.lang.Long)
2018-04-11 23:55:31.637  INFO 3002 --- [           main] s.w.s.m.m.a.RequestMappingHandlerMapping : Mapped "{[/database/removeRoom],methods=[GET]}" onto public java.lang.String server.MainController.removeRoom(java.lang.Long)
2018-04-11 23:55:31.637  INFO 3002 --- [           main] s.w.s.m.m.a.RequestMappingHandlerMapping : Mapped "{[/database/oneBooking],methods=[GET]}" onto public server.booking.BookingEntity server.MainController.getOneBooking(java.lang.Long)
2018-04-11 23:55:31.638  INFO 3002 --- [           main] s.w.s.m.m.a.RequestMappingHandlerMapping : Mapped "{[/database/addBooking],methods=[GET]}" onto public java.lang.String server.MainController.addNewBooking(java.lang.Long,java.lang.String,java.lang.String,java.lang.String,java.lang.String)
2018-04-11 23:55:31.639  INFO 3002 --- [           main] s.w.s.m.m.a.RequestMappingHandlerMapping : Mapped "{[/database/addBookingWithUser],methods=[GET]}" onto public java.lang.String server.MainController.addNewBooking(java.lang.Long,java.lang.Long,java.lang.String,java.lang.String,java.lang.String,java.lang.String)
2018-04-11 23:55:31.640  INFO 3002 --- [           main] s.w.s.m.m.a.RequestMappingHandlerMapping : Mapped "{[/database/removeBooking],methods=[GET]}" onto public java.lang.String server.MainController.removeBooking(java.lang.Long)
2018-04-11 23:55:31.643  INFO 3002 --- [           main] s.w.s.m.m.a.RequestMappingHandlerMapping : Mapped "{[/database/addAvailability],methods=[GET]}" onto public java.lang.Long server.MainController.addAvailability(java.util.Map<java.lang.String, java.lang.String>)
2018-04-11 23:55:31.644  INFO 3002 --- [           main] s.w.s.m.m.a.RequestMappingHandlerMapping : Mapped "{[/database/removeAvailability],methods=[GET]}" onto public java.lang.String server.MainController.removeAvailability(java.lang.Long)
2018-04-11 23:55:31.644  INFO 3002 --- [           main] s.w.s.m.m.a.RequestMappingHandlerMapping : Mapped "{[/database/oneAvailability],methods=[GET]}" onto public server.availability.AvailabilityEntity server.MainController.getOneAvailability(java.lang.Long)
2018-04-11 23:55:31.648  INFO 3002 --- [           main] s.w.s.m.m.a.RequestMappingHandlerMapping : Mapped "{[/error],produces=[text/html]}" onto public org.springframework.web.servlet.ModelAndView org.springframework.boot.autoconfigure.web.BasicErrorController.errorHtml(javax.servlet.http.HttpServletRequest,javax.servlet.http.HttpServletResponse)
2018-04-11 23:55:31.649  INFO 3002 --- [           main] s.w.s.m.m.a.RequestMappingHandlerMapping : Mapped "{[/error]}" onto public org.springframework.http.ResponseEntity<java.util.Map<java.lang.String, java.lang.Object>> org.springframework.boot.autoconfigure.web.BasicErrorController.error(javax.servlet.http.HttpServletRequest)
2018-04-11 23:55:31.703  INFO 3002 --- [           main] o.s.w.s.handler.SimpleUrlHandlerMapping  : Mapped URL path [/webjars/**] onto handler of type [class org.springframework.web.servlet.resource.ResourceHttpRequestHandler]
2018-04-11 23:55:31.704  INFO 3002 --- [           main] o.s.w.s.handler.SimpleUrlHandlerMapping  : Mapped URL path [/**] onto handler of type [class org.springframework.web.servlet.resource.ResourceHttpRequestHandler]
2018-04-11 23:55:31.768  INFO 3002 --- [           main] o.s.w.s.handler.SimpleUrlHandlerMapping  : Mapped URL path [/**/favicon.ico] onto handler of type [class org.springframework.web.servlet.resource.ResourceHttpRequestHandler]
2018-04-11 23:55:32.174  INFO 3002 --- [           main] o.s.j.e.a.AnnotationMBeanExporter        : Registering beans for JMX exposure on startup
2018-04-11 23:55:32.255  INFO 3002 --- [           main] s.b.c.e.t.TomcatEmbeddedServletContainer : Tomcat started on port(s): 8080 (http)
2018-04-11 23:55:32.263  INFO 3002 --- [           main] server.Application                       : Started Application in 8.239 seconds (JVM running for 8.767)
